<?xml version="1.0" encoding="UTF-8"?>
<!-- Generated by org.testng.reporters.JUnitXMLReporter -->
<testsuite ignored="1" hostname="DESKTOP-O32E406" failures="0" tests="21" name="Test" time="0.169" errors="0" timestamp="2022-09-17T19:45:10 IST">
  <testcase classname="javapackage.TestNg2" name="a" time="0.01"/>
  <testcase classname="javapackage.TestNg2" name="b" time="0.003"/>
  <testcase classname="javapackage.TestNg2" name="c" time="0.002"/>
  <testcase classname="javapackage.TestNg2" name="d" time="0.002"/>
  <testcase classname="javapackage.TestNg2" name="e" time="0.002"/>
  <testcase classname="javapackage.TestNg2" name="f" time="0.002"/>
  <testcase classname="javapackage.TestNg1" name="i" time="0.002"/>
  <testcase classname="javapackage.TestNg1" name="j" time="0.001"/>
  <testcase classname="javapackage.TestNg4" name="a" time="0.001"/>
  <testcase classname="javapackage.TestNg4" name="c" time="0.001"/>
  <testcase classname="javapackage.TestNg4" name="d" time="0.001"/>
  <testcase classname="javapackage.TestNg4" name="b" time="0.005"/>
  <testcase classname="javapackage.TestNg4" name="z" time="0.001">
    <skipped/>
  </testcase> <!-- z -->
  <testcase classname="javapackage.TestNg3" name="c" time="0.002"/>
  <testcase classname="javapackage.TestNg3" name="b" time="0.001"/>
  <testcase classname="javapackage.TestNg3" name="e" time="0.002"/>
  <testcase classname="javapackage.TestNg3" name="x" time="0.002"/>
  <testcase classname="javapackage.TestNg3" name="d" time="0.001"/>
  <testcase classname="javapackage.TestNg3" name="f" time="0.002"/>
  <testcase classname="javapackage.TestNg3" name="a" time="0.001"/>
  <testcase classname="javapackage.TestNg3" name="z" time="0.001"/>
  <testcase classname="javapackage.TestNg4" name="x" time="0.0">
    <ignored/>
  </testcase> <!-- x -->
</testsuite> <!-- Test -->
